Started GET "/" for 127.0.0.1 at 2022-08-15 22:50:26 -0700
  [1m[35m (3.7ms)[0m  [1m[34mSELECT sqlite_version(*)[0m
Processing by Rails::WelcomeController#index as HTML
  Rendering /Users/tony/.rbenv/versions/2.7.5/lib/ruby/gems/2.7.0/gems/railties-7.0.3.1/lib/rails/templates/rails/welcome/index.html.erb
  Rendered /Users/tony/.rbenv/versions/2.7.5/lib/ruby/gems/2.7.0/gems/railties-7.0.3.1/lib/rails/templates/rails/welcome/index.html.erb (Duration: 3.2ms | Allocations: 685)
Completed 200 OK in 29ms (Views: 10.4ms | ActiveRecord: 0.0ms | Allocations: 6567)


Started GET "/" for 127.0.0.1 at 2022-08-15 22:50:32 -0700
Processing by Rails::WelcomeController#index as HTML
  Rendering /Users/tony/.rbenv/versions/2.7.5/lib/ruby/gems/2.7.0/gems/railties-7.0.3.1/lib/rails/templates/rails/welcome/index.html.erb
  Rendered /Users/tony/.rbenv/versions/2.7.5/lib/ruby/gems/2.7.0/gems/railties-7.0.3.1/lib/rails/templates/rails/welcome/index.html.erb (Duration: 1.0ms | Allocations: 371)
Completed 200 OK in 3ms (Views: 2.3ms | ActiveRecord: 0.0ms | Allocations: 1125)


Started GET "/" for 127.0.0.1 at 2022-08-15 22:56:07 -0700
  [1m[35m (1.7ms)[0m  [1m[34mSELECT sqlite_version(*)[0m
Processing by ArticlesController#index as HTML
  Rendering layout layouts/application.html.erb
  Rendering articles/index.html.erb within layouts/application
  Rendered articles/index.html.erb within layouts/application (Duration: 1.6ms | Allocations: 316)
  Rendered layout layouts/application.html.erb (Duration: 593.4ms | Allocations: 79487)
Completed 200 OK in 609ms (Views: 598.7ms | ActiveRecord: 0.0ms | Allocations: 84330)


Started GET "/" for 127.0.0.1 at 2022-08-15 22:56:10 -0700
Processing by ArticlesController#index as HTML
  Rendering layout layouts/application.html.erb
  Rendering articles/index.html.erb within layouts/application
  Rendered articles/index.html.erb within layouts/application (Duration: 0.1ms | Allocations: 15)
  Rendered layout layouts/application.html.erb (Duration: 4.1ms | Allocations: 1185)
Completed 200 OK in 6ms (Views: 5.1ms | ActiveRecord: 0.0ms | Allocations: 1430)


Started GET "/" for 127.0.0.1 at 2022-08-15 23:51:17 -0700
  [1m[35m (1.7ms)[0m  [1m[34mSELECT sqlite_version(*)[0m
Processing by ArticlesController#index as HTML
  Rendering layout layouts/application.html.erb
  Rendering articles/index.html.erb within layouts/application
  Rendered articles/index.html.erb within layouts/application (Duration: 2.2ms | Allocations: 316)
  Rendered layout layouts/application.html.erb (Duration: 43.1ms | Allocations: 21185)
Completed 200 OK in 59ms (Views: 48.2ms | ActiveRecord: 0.0ms | Allocations: 26052)


Started GET "/" for 127.0.0.1 at 2022-08-16 00:27:24 -0700
  [1m[35m (1.3ms)[0m  [1m[34mSELECT sqlite_version(*)[0m
Processing by ArticlesController#index as HTML
  Rendering layout layouts/application.html.erb
  Rendering articles/index.html.erb within layouts/application
  Rendered articles/index.html.erb within layouts/application (Duration: 1.8ms | Allocations: 316)
  Rendered layout layouts/application.html.erb (Duration: 40.3ms | Allocations: 21136)
Completed 200 OK in 57ms (Views: 46.3ms | ActiveRecord: 0.0ms | Allocations: 26003)


